{"/Users/matheus/Desenvolvimento/sindriaai/take_home_project_ts/src/main.ts": {"path":"/Users/matheus/Desenvolvimento/sindriaai/take_home_project_ts/src/main.ts","statementMap":{"0":{"start":{"line":1,"column":0},"end":{"line":1,"column":63}},"1":{"start":{"line":2,"column":0},"end":{"line":2,"column":43}},"2":{"start":{"line":3,"column":0},"end":{"line":3,"column":65}},"3":{"start":{"line":4,"column":0},"end":{"line":4,"column":42}},"4":{"start":{"line":5,"column":0},"end":{"line":5,"column":48}},"5":{"start":{"line":6,"column":0},"end":{"line":6,"column":null}},"6":{"start":{"line":10,"column":0},"end":{"line":10,"column":38}},"7":{"start":{"line":11,"column":0},"end":{"line":11,"column":42}},"8":{"start":{"line":13,"column":21},"end":{"line":40,"column":1}},"9":{"start":{"line":14,"column":14},"end":{"line":14,"column":49}},"10":{"start":{"line":16,"column":28},"end":{"line":23,"column":4}},"11":{"start":{"line":18,"column":22},"end":{"line":18,"column":46}},"12":{"start":{"line":19,"column":25},"end":{"line":19,"column":53}},"13":{"start":{"line":20,"column":6},"end":{"line":20,"column":64}},"14":{"start":{"line":25,"column":2},"end":{"line":25,"column":60}},"15":{"start":{"line":26,"column":2},"end":{"line":30,"column":4}},"16":{"start":{"line":32,"column":17},"end":{"line":35,"column":12}},"17":{"start":{"line":36,"column":19},"end":{"line":36,"column":60}},"18":{"start":{"line":37,"column":2},"end":{"line":37,"column":44}},"19":{"start":{"line":39,"column":2},"end":{"line":39,"column":25}},"20":{"start":{"line":42,"column":0},"end":{"line":45,"column":5}},"21":{"start":{"line":43,"column":2},"end":{"line":43,"column":33}},"22":{"start":{"line":44,"column":2},"end":{"line":44,"column":23}}},"fnMap":{"0":{"name":"(anonymous_6)","decl":{"start":{"line":13,"column":21},"end":{"line":13,"column":26}},"loc":{"start":{"line":13,"column":32},"end":{"line":40,"column":1}}},"1":{"name":"(anonymous_7)","decl":{"start":{"line":17,"column":22},"end":{"line":17,"column":23}},"loc":{"start":{"line":17,"column":33},"end":{"line":21,"column":5}}},"2":{"name":"(anonymous_8)","decl":{"start":{"line":42,"column":1},"end":{"line":42,"column":6}},"loc":{"start":{"line":42,"column":12},"end":{"line":45,"column":1}}}},"branchMap":{},"s":{"0":0,"1":0,"2":0,"3":0,"4":0,"5":0,"6":0,"7":0,"8":0,"9":0,"10":0,"11":0,"12":0,"13":0,"14":0,"15":0,"16":0,"17":0,"18":0,"19":0,"20":0,"21":0,"22":0},"f":{"0":0,"1":0,"2":0},"b":{}}
,"/Users/matheus/Desenvolvimento/sindriaai/take_home_project_ts/src/config/swagger.config.ts": {"path":"/Users/matheus/Desenvolvimento/sindriaai/take_home_project_ts/src/config/swagger.config.ts","statementMap":{"0":{"start":{"line":2,"column":0},"end":{"line":2,"column":65}},"1":{"start":{"line":5,"column":17},"end":{"line":9,"column":12}},"2":{"start":{"line":11,"column":19},"end":{"line":13,"column":4}},"3":{"start":{"line":14,"column":2},"end":{"line":14,"column":49}},"4":{"start":{"line":4,"column":0},"end":{"line":4,"column":16}}},"fnMap":{"0":{"name":"swaggerSetup","decl":{"start":{"line":4,"column":16},"end":{"line":4,"column":28}},"loc":{"start":{"line":4,"column":50},"end":{"line":15,"column":1}}}},"branchMap":{},"s":{"0":0,"1":0,"2":0,"3":0,"4":0},"f":{"0":0},"b":{}}
,"/Users/matheus/Desenvolvimento/sindriaai/take_home_project_ts/src/constants/errors.constants.ts": {"path":"/Users/matheus/Desenvolvimento/sindriaai/take_home_project_ts/src/constants/errors.constants.ts","statementMap":{"0":{"start":{"line":1,"column":13},"end":{"line":6,"column":2}}},"fnMap":{},"branchMap":{},"s":{"0":1},"f":{},"b":{}}
,"/Users/matheus/Desenvolvimento/sindriaai/take_home_project_ts/src/constants/global.constants.ts": {"path":"/Users/matheus/Desenvolvimento/sindriaai/take_home_project_ts/src/constants/global.constants.ts","statementMap":{"0":{"start":{"line":1,"column":13},"end":{"line":2,"column":54}},"1":{"start":{"line":3,"column":13},"end":{"line":3,"column":48}}},"fnMap":{},"branchMap":{},"s":{"0":1,"1":1},"f":{},"b":{}}
,"/Users/matheus/Desenvolvimento/sindriaai/take_home_project_ts/src/constants/index.ts": {"path":"/Users/matheus/Desenvolvimento/sindriaai/take_home_project_ts/src/constants/index.ts","statementMap":{"0":{"start":{"line":1,"column":0},"end":{"line":1,"column":35}},"1":{"start":{"line":2,"column":0},"end":{"line":2,"column":35}}},"fnMap":{},"branchMap":{},"s":{"0":1,"1":1},"f":{},"b":{}}
,"/Users/matheus/Desenvolvimento/sindriaai/take_home_project_ts/src/controllers/index.ts": {"path":"/Users/matheus/Desenvolvimento/sindriaai/take_home_project_ts/src/controllers/index.ts","statementMap":{"0":{"start":{"line":1,"column":0},"end":{"line":1,"column":39}}},"fnMap":{},"branchMap":{},"s":{"0":0},"f":{},"b":{}}
,"/Users/matheus/Desenvolvimento/sindriaai/take_home_project_ts/src/controllers/questions.controller/index.ts": {"path":"/Users/matheus/Desenvolvimento/sindriaai/take_home_project_ts/src/controllers/questions.controller/index.ts","statementMap":{"0":{"start":{"line":1,"column":0},"end":{"line":1,"column":39}}},"fnMap":{},"branchMap":{},"s":{"0":0},"f":{},"b":{}}
,"/Users/matheus/Desenvolvimento/sindriaai/take_home_project_ts/src/controllers/questions.controller/questions.controller.ts": {"path":"/Users/matheus/Desenvolvimento/sindriaai/take_home_project_ts/src/controllers/questions.controller/questions.controller.ts","statementMap":{"0":{"start":{"line":1,"column":0},"end":{"line":1,"column":61}},"1":{"start":{"line":2,"column":0},"end":{"line":2,"column":42}},"2":{"start":{"line":3,"column":0},"end":{"line":3,"column":40}},"3":{"start":{"line":4,"column":0},"end":{"line":4,"column":51}},"4":{"start":{"line":8,"column":7},"end":{"line":24,"column":null}},"5":{"start":{"line":9,"column":31},"end":{"line":9,"column":49}},"6":{"start":{"line":13,"column":4},"end":{"line":17,"column":null}},"7":{"start":{"line":14,"column":6},"end":{"line":14,"column":62}},"8":{"start":{"line":22,"column":4},"end":{"line":22,"column":62}},"9":{"start":{"line":12,"column":8},"end":{"line":18,"column":null}},"10":{"start":{"line":21,"column":8},"end":{"line":23,"column":null}},"11":{"start":{"line":8,"column":13},"end":{"line":24,"column":null}},"12":{"start":{"line":8,"column":13},"end":{"line":8,"column":32}}},"fnMap":{"0":{"name":"(anonymous_4)","decl":{"start":{"line":9,"column":2},"end":{"line":9,"column":31}},"loc":{"start":{"line":9,"column":65},"end":{"line":9,"column":69}}},"1":{"name":"(anonymous_5)","decl":{"start":{"line":12,"column":2},"end":{"line":12,"column":7}},"loc":{"start":{"line":12,"column":11},"end":{"line":18,"column":3}}},"2":{"name":"(anonymous_6)","decl":{"start":{"line":21,"column":2},"end":{"line":21,"column":7}},"loc":{"start":{"line":21,"column":42},"end":{"line":23,"column":3}}}},"branchMap":{},"s":{"0":1,"1":1,"2":1,"3":1,"4":1,"5":2,"6":1,"7":1,"8":1,"9":1,"10":1,"11":1,"12":1},"f":{"0":2,"1":1,"2":1},"b":{}}
,"/Users/matheus/Desenvolvimento/sindriaai/take_home_project_ts/src/dtos/AnswerDTO.ts": {"path":"/Users/matheus/Desenvolvimento/sindriaai/take_home_project_ts/src/dtos/AnswerDTO.ts","statementMap":{"0":{"start":{"line":1,"column":0},"end":{"line":1,"column":65}},"1":{"start":{"line":4,"column":2},"end":{"line":5,"column":null}},"2":{"start":{"line":7,"column":2},"end":{"line":8,"column":null}},"3":{"start":{"line":3,"column":0},"end":{"line":3,"column":13}}},"fnMap":{},"branchMap":{},"s":{"0":1,"1":1,"2":1,"3":1},"f":{},"b":{}}
,"/Users/matheus/Desenvolvimento/sindriaai/take_home_project_ts/src/dtos/AnswersDTO.ts": {"path":"/Users/matheus/Desenvolvimento/sindriaai/take_home_project_ts/src/dtos/AnswersDTO.ts","statementMap":{"0":{"start":{"line":1,"column":0},"end":{"line":1,"column":58}},"1":{"start":{"line":2,"column":0},"end":{"line":2,"column":40}},"2":{"start":{"line":3,"column":0},"end":{"line":3,"column":41}},"3":{"start":{"line":6,"column":2},"end":{"line":9,"column":null}},"4":{"start":{"line":8,"column":14},"end":{"line":8,"column":23}},"5":{"start":{"line":5,"column":0},"end":{"line":5,"column":13}}},"fnMap":{"0":{"name":"(anonymous_2)","decl":{"start":{"line":8,"column":8},"end":{"line":8,"column":11}},"loc":{"start":{"line":8,"column":14},"end":{"line":8,"column":23}}}},"branchMap":{},"s":{"0":1,"1":1,"2":1,"3":1,"4":0,"5":1},"f":{"0":0},"b":{}}
,"/Users/matheus/Desenvolvimento/sindriaai/take_home_project_ts/src/dtos/index.ts": {"path":"/Users/matheus/Desenvolvimento/sindriaai/take_home_project_ts/src/dtos/index.ts","statementMap":{"0":{"start":{"line":1,"column":0},"end":{"line":1,"column":29}},"1":{"start":{"line":2,"column":0},"end":{"line":2,"column":28}}},"fnMap":{},"branchMap":{},"s":{"0":1,"1":1},"f":{},"b":{}}
,"/Users/matheus/Desenvolvimento/sindriaai/take_home_project_ts/src/errors/index.ts": {"path":"/Users/matheus/Desenvolvimento/sindriaai/take_home_project_ts/src/errors/index.ts","statementMap":{"0":{"start":{"line":1,"column":0},"end":{"line":1,"column":32}}},"fnMap":{},"branchMap":{},"s":{"0":1},"f":{},"b":{}}
,"/Users/matheus/Desenvolvimento/sindriaai/take_home_project_ts/src/errors/global.errors/index.ts": {"path":"/Users/matheus/Desenvolvimento/sindriaai/take_home_project_ts/src/errors/global.errors/index.ts","statementMap":{"0":{"start":{"line":1,"column":0},"end":{"line":1,"column":36}}},"fnMap":{},"branchMap":{},"s":{"0":1},"f":{},"b":{}}
,"/Users/matheus/Desenvolvimento/sindriaai/take_home_project_ts/src/errors/global.errors/missing-env.error.ts": {"path":"/Users/matheus/Desenvolvimento/sindriaai/take_home_project_ts/src/errors/global.errors/missing-env.error.ts","statementMap":{"0":{"start":{"line":1,"column":0},"end":{"line":1,"column":45}},"1":{"start":{"line":2,"column":0},"end":{"line":2,"column":48}},"2":{"start":{"line":6,"column":8},"end":{"line":13,"column":10}},"3":{"start":{"line":4,"column":0},"end":{"line":4,"column":13}}},"fnMap":{"0":{"name":"(anonymous_0)","decl":{"start":{"line":5,"column":4},"end":{"line":5,"column":16}},"loc":{"start":{"line":5,"column":32},"end":{"line":14,"column":5}}}},"branchMap":{},"s":{"0":1,"1":1,"2":0,"3":1},"f":{"0":0},"b":{}}
,"/Users/matheus/Desenvolvimento/sindriaai/take_home_project_ts/src/interfaces/answer.interface.ts": {"path":"/Users/matheus/Desenvolvimento/sindriaai/take_home_project_ts/src/interfaces/answer.interface.ts","statementMap":{"0":{"start":{"line":1,"column":0},"end":{"line":1,"column":22}}},"fnMap":{},"branchMap":{},"s":{"0":0},"f":{},"b":{}}
,"/Users/matheus/Desenvolvimento/sindriaai/take_home_project_ts/src/interfaces/index.ts": {"path":"/Users/matheus/Desenvolvimento/sindriaai/take_home_project_ts/src/interfaces/index.ts","statementMap":{"0":{"start":{"line":1,"column":0},"end":{"line":1,"column":35}},"1":{"start":{"line":2,"column":0},"end":{"line":2,"column":37}}},"fnMap":{},"branchMap":{},"s":{"0":0,"1":0},"f":{},"b":{}}
,"/Users/matheus/Desenvolvimento/sindriaai/take_home_project_ts/src/interfaces/question.interface.ts": {"path":"/Users/matheus/Desenvolvimento/sindriaai/take_home_project_ts/src/interfaces/question.interface.ts","statementMap":{"0":{"start":{"line":1,"column":0},"end":{"line":1,"column":22}}},"fnMap":{},"branchMap":{},"s":{"0":0},"f":{},"b":{}}
,"/Users/matheus/Desenvolvimento/sindriaai/take_home_project_ts/src/modules/app.module.ts": {"path":"/Users/matheus/Desenvolvimento/sindriaai/take_home_project_ts/src/modules/app.module.ts","statementMap":{"0":{"start":{"line":1,"column":0},"end":{"line":1,"column":40}},"1":{"start":{"line":2,"column":0},"end":{"line":2,"column":46}},"2":{"start":{"line":3,"column":0},"end":{"line":3,"column":43}},"3":{"start":{"line":4,"column":0},"end":{"line":4,"column":58}},"4":{"start":{"line":5,"column":0},"end":{"line":5,"column":50}},"5":{"start":{"line":7,"column":0},"end":{"line":7,"column":25}},"6":{"start":{"line":14,"column":7},"end":{"line":14,"column":null}},"7":{"start":{"line":14,"column":13},"end":{"line":14,"column":null}},"8":{"start":{"line":14,"column":13},"end":{"line":14,"column":22}}},"fnMap":{},"branchMap":{},"s":{"0":0,"1":0,"2":0,"3":0,"4":0,"5":0,"6":0,"7":0,"8":0},"f":{},"b":{}}
,"/Users/matheus/Desenvolvimento/sindriaai/take_home_project_ts/src/modules/index.ts": {"path":"/Users/matheus/Desenvolvimento/sindriaai/take_home_project_ts/src/modules/index.ts","statementMap":{"0":{"start":{"line":1,"column":0},"end":{"line":1,"column":29}}},"fnMap":{},"branchMap":{},"s":{"0":0},"f":{},"b":{}}
,"/Users/matheus/Desenvolvimento/sindriaai/take_home_project_ts/src/providers/index.ts": {"path":"/Users/matheus/Desenvolvimento/sindriaai/take_home_project_ts/src/providers/index.ts","statementMap":{"0":{"start":{"line":1,"column":0},"end":{"line":1,"column":27}},"1":{"start":{"line":2,"column":0},"end":{"line":2,"column":27}},"2":{"start":{"line":3,"column":0},"end":{"line":3,"column":29}}},"fnMap":{},"branchMap":{},"s":{"0":1,"1":1,"2":1},"f":{},"b":{}}
,"/Users/matheus/Desenvolvimento/sindriaai/take_home_project_ts/src/providers/adapters/base.adapter.ts": {"path":"/Users/matheus/Desenvolvimento/sindriaai/take_home_project_ts/src/providers/adapters/base.adapter.ts","statementMap":{"0":{"start":{"line":2,"column":35},"end":{"line":2,"column":47}},"1":{"start":{"line":1,"column":0},"end":{"line":1,"column":22}}},"fnMap":{"0":{"name":"(anonymous_0)","decl":{"start":{"line":2,"column":4},"end":{"line":2,"column":35}},"loc":{"start":{"line":2,"column":47},"end":{"line":2,"column":51}}}},"branchMap":{},"s":{"0":0,"1":1},"f":{"0":0},"b":{}}
,"/Users/matheus/Desenvolvimento/sindriaai/take_home_project_ts/src/providers/adapters/index.ts": {"path":"/Users/matheus/Desenvolvimento/sindriaai/take_home_project_ts/src/providers/adapters/index.ts","statementMap":{"0":{"start":{"line":1,"column":0},"end":{"line":1,"column":31}}},"fnMap":{},"branchMap":{},"s":{"0":1},"f":{},"b":{}}
,"/Users/matheus/Desenvolvimento/sindriaai/take_home_project_ts/src/providers/adapters/questions.adapter.ts": {"path":"/Users/matheus/Desenvolvimento/sindriaai/take_home_project_ts/src/providers/adapters/questions.adapter.ts","statementMap":{"0":{"start":{"line":2,"column":0},"end":{"line":2,"column":45}},"1":{"start":{"line":9,"column":4},"end":{"line":13,"column":6}},"2":{"start":{"line":4,"column":0},"end":{"line":4,"column":13}}},"fnMap":{"0":{"name":"(anonymous_0)","decl":{"start":{"line":8,"column":2},"end":{"line":8,"column":7}},"loc":{"start":{"line":8,"column":7},"end":{"line":14,"column":3}}}},"branchMap":{},"s":{"0":1,"1":0,"2":1},"f":{"0":0},"b":{}}
,"/Users/matheus/Desenvolvimento/sindriaai/take_home_project_ts/src/providers/repositories/index.ts": {"path":"/Users/matheus/Desenvolvimento/sindriaai/take_home_project_ts/src/providers/repositories/index.ts","statementMap":{"0":{"start":{"line":1,"column":0},"end":{"line":1,"column":38}}},"fnMap":{},"branchMap":{},"s":{"0":1},"f":{},"b":{}}
,"/Users/matheus/Desenvolvimento/sindriaai/take_home_project_ts/src/providers/repositories/question.repository.ts": {"path":"/Users/matheus/Desenvolvimento/sindriaai/take_home_project_ts/src/providers/repositories/question.repository.ts","statementMap":{"0":{"start":{"line":1,"column":0},"end":{"line":1,"column":52}},"1":{"start":{"line":2,"column":0},"end":{"line":2,"column":59}},"2":{"start":{"line":3,"column":0},"end":{"line":3,"column":65}},"3":{"start":{"line":4,"column":0},"end":{"line":4,"column":43}},"4":{"start":{"line":8,"column":7},"end":{"line":44,"column":null}},"5":{"start":{"line":10,"column":35},"end":{"line":10,"column":50}},"6":{"start":{"line":11,"column":34},"end":{"line":11,"column":48}},"7":{"start":{"line":15,"column":4},"end":{"line":15,"column":63}},"8":{"start":{"line":19,"column":27},"end":{"line":19,"column":69}},"9":{"start":{"line":21,"column":21},"end":{"line":21,"column":39}},"10":{"start":{"line":22,"column":23},"end":{"line":22,"column":38}},"11":{"start":{"line":24,"column":20},"end":{"line":24,"column":54}},"12":{"start":{"line":25,"column":22},"end":{"line":25,"column":58}},"13":{"start":{"line":26,"column":17},"end":{"line":26,"column":78}},"14":{"start":{"line":28,"column":22},"end":{"line":32,"column":6}},"15":{"start":{"line":33,"column":4},"end":{"line":33,"column":79}},"16":{"start":{"line":33,"column":39},"end":{"line":33,"column":77}},"17":{"start":{"line":37,"column":22},"end":{"line":41,"column":6}},"18":{"start":{"line":42,"column":4},"end":{"line":42,"column":21}},"19":{"start":{"line":8,"column":13},"end":{"line":44,"column":null}},"20":{"start":{"line":8,"column":13},"end":{"line":8,"column":31}}},"fnMap":{"0":{"name":"(anonymous_4)","decl":{"start":{"line":9,"column":2},"end":{"line":9,"column":null}},"loc":{"start":{"line":11,"column":60},"end":{"line":12,"column":6}}},"1":{"name":"(anonymous_5)","decl":{"start":{"line":14,"column":2},"end":{"line":14,"column":7}},"loc":{"start":{"line":14,"column":24},"end":{"line":16,"column":3}}},"2":{"name":"(anonymous_6)","decl":{"start":{"line":18,"column":2},"end":{"line":18,"column":7}},"loc":{"start":{"line":18,"column":26},"end":{"line":34,"column":3}}},"3":{"name":"(anonymous_7)","decl":{"start":{"line":33,"column":25},"end":{"line":33,"column":26}},"loc":{"start":{"line":33,"column":39},"end":{"line":33,"column":77}}},"4":{"name":"(anonymous_8)","decl":{"start":{"line":36,"column":2},"end":{"line":36,"column":7}},"loc":{"start":{"line":36,"column":37},"end":{"line":43,"column":3}}}},"branchMap":{"0":{"loc":{"start":{"line":18,"column":18},"end":{"line":18,"column":26}},"type":"default-arg","locations":[{"start":{"line":18,"column":24},"end":{"line":18,"column":26}}]}},"s":{"0":1,"1":1,"2":1,"3":1,"4":1,"5":2,"6":2,"7":0,"8":0,"9":0,"10":0,"11":0,"12":0,"13":0,"14":0,"15":0,"16":0,"17":1,"18":1,"19":1,"20":1},"f":{"0":2,"1":0,"2":0,"3":0,"4":1},"b":{"0":[0]}}
,"/Users/matheus/Desenvolvimento/sindriaai/take_home_project_ts/src/providers/services/index.ts": {"path":"/Users/matheus/Desenvolvimento/sindriaai/take_home_project_ts/src/providers/services/index.ts","statementMap":{"0":{"start":{"line":1,"column":0},"end":{"line":1,"column":33}},"1":{"start":{"line":2,"column":0},"end":{"line":2,"column":32}},"2":{"start":{"line":3,"column":0},"end":{"line":3,"column":36}}},"fnMap":{},"branchMap":{},"s":{"0":1,"1":1,"2":1},"f":{},"b":{}}
,"/Users/matheus/Desenvolvimento/sindriaai/take_home_project_ts/src/providers/services/prisma.service.ts": {"path":"/Users/matheus/Desenvolvimento/sindriaai/take_home_project_ts/src/providers/services/prisma.service.ts","statementMap":{"0":{"start":{"line":1,"column":0},"end":{"line":1,"column":58}},"1":{"start":{"line":2,"column":0},"end":{"line":2,"column":46}},"2":{"start":{"line":5,"column":7},"end":{"line":15,"column":null}},"3":{"start":{"line":7,"column":8},"end":{"line":7,"column":30}},"4":{"start":{"line":5,"column":13},"end":{"line":15,"column":null}},"5":{"start":{"line":5,"column":13},"end":{"line":5,"column":26}}},"fnMap":{"0":{"name":"(anonymous_1)","decl":{"start":{"line":6,"column":4},"end":{"line":6,"column":9}},"loc":{"start":{"line":6,"column":22},"end":{"line":8,"column":5}}},"1":{"name":"(anonymous_2)","decl":{"start":{"line":10,"column":4},"end":{"line":10,"column":9}},"loc":{"start":{"line":10,"column":29},"end":{"line":14,"column":5}}}},"branchMap":{},"s":{"0":1,"1":1,"2":1,"3":0,"4":1,"5":1},"f":{"0":0,"1":0},"b":{}}
,"/Users/matheus/Desenvolvimento/sindriaai/take_home_project_ts/src/providers/services/questions.service.ts": {"path":"/Users/matheus/Desenvolvimento/sindriaai/take_home_project_ts/src/providers/services/questions.service.ts","statementMap":{"0":{"start":{"line":1,"column":0},"end":{"line":1,"column":52}},"1":{"start":{"line":2,"column":0},"end":{"line":2,"column":53}},"2":{"start":{"line":6,"column":7},"end":{"line":53,"column":null}},"3":{"start":{"line":9,"column":21},"end":{"line":9,"column":41}},"4":{"start":{"line":13,"column":4},"end":{"line":13,"column":47}},"5":{"start":{"line":17,"column":24},"end":{"line":17,"column":51}},"6":{"start":{"line":17,"column":48},"end":{"line":17,"column":50}},"7":{"start":{"line":19,"column":22},"end":{"line":19,"column":75}},"8":{"start":{"line":21,"column":19},"end":{"line":30,"column":6}},"9":{"start":{"line":22,"column":23},"end":{"line":22,"column":67}},"10":{"start":{"line":22,"column":50},"end":{"line":22,"column":66}},"11":{"start":{"line":24,"column":6},"end":{"line":28,"column":null}},"12":{"start":{"line":32,"column":25},"end":{"line":32,"column":64}},"13":{"start":{"line":32,"column":56},"end":{"line":32,"column":63}},"14":{"start":{"line":34,"column":23},"end":{"line":34,"column":67}},"15":{"start":{"line":36,"column":18},"end":{"line":46,"column":6}},"16":{"start":{"line":48,"column":4},"end":{"line":51,"column":6}},"17":{"start":{"line":6,"column":13},"end":{"line":53,"column":null}},"18":{"start":{"line":6,"column":13},"end":{"line":6,"column":29}}},"fnMap":{"0":{"name":"(anonymous_4)","decl":{"start":{"line":7,"column":2},"end":{"line":7,"column":null}},"loc":{"start":{"line":9,"column":59},"end":{"line":10,"column":6}}},"1":{"name":"(anonymous_5)","decl":{"start":{"line":12,"column":2},"end":{"line":12,"column":20}},"loc":{"start":{"line":12,"column":20},"end":{"line":14,"column":3}}},"2":{"name":"(anonymous_6)","decl":{"start":{"line":16,"column":2},"end":{"line":16,"column":7}},"loc":{"start":{"line":16,"column":45},"end":{"line":52,"column":3}}},"3":{"name":"(anonymous_7)","decl":{"start":{"line":17,"column":36},"end":{"line":17,"column":37}},"loc":{"start":{"line":17,"column":48},"end":{"line":17,"column":50}}},"4":{"name":"(anonymous_8)","decl":{"start":{"line":21,"column":31},"end":{"line":21,"column":32}},"loc":{"start":{"line":21,"column":42},"end":{"line":30,"column":5}}},"5":{"name":"(anonymous_9)","decl":{"start":{"line":22,"column":38},"end":{"line":22,"column":39}},"loc":{"start":{"line":22,"column":50},"end":{"line":22,"column":66}}},"6":{"name":"(anonymous_10)","decl":{"start":{"line":32,"column":39},"end":{"line":32,"column":40}},"loc":{"start":{"line":32,"column":56},"end":{"line":32,"column":63}}}},"branchMap":{"0":{"loc":{"start":{"line":39,"column":8},"end":{"line":45,"column":32}},"type":"binary-expr","locations":[{"start":{"line":39,"column":9},"end":{"line":39,"column":27}},{"start":{"line":39,"column":31},"end":{"line":39,"column":34}},{"start":{"line":40,"column":9},"end":{"line":40,"column":24}},{"start":{"line":40,"column":28},"end":{"line":40,"column":31}},{"start":{"line":41,"column":9},"end":{"line":41,"column":25}},{"start":{"line":41,"column":29},"end":{"line":41,"column":32}},{"start":{"line":42,"column":9},"end":{"line":42,"column":25}},{"start":{"line":42,"column":29},"end":{"line":42,"column":32}},{"start":{"line":43,"column":9},"end":{"line":43,"column":25}},{"start":{"line":43,"column":29},"end":{"line":43,"column":32}},{"start":{"line":44,"column":9},"end":{"line":44,"column":25}},{"start":{"line":44,"column":29},"end":{"line":44,"column":32}},{"start":{"line":45,"column":9},"end":{"line":45,"column":24}},{"start":{"line":45,"column":28},"end":{"line":45,"column":31}}]}},"s":{"0":1,"1":1,"2":1,"3":2,"4":1,"5":1,"6":3,"7":1,"8":1,"9":3,"10":6,"11":3,"12":1,"13":3,"14":1,"15":1,"16":1,"17":1,"18":1},"f":{"0":2,"1":1,"2":1,"3":3,"4":3,"5":6,"6":3},"b":{"0":[1,0,1,0,1,0,1,0,1,0,1,1,0,0]}}
,"/Users/matheus/Desenvolvimento/sindriaai/take_home_project_ts/src/providers/services/utils.service.ts": {"path":"/Users/matheus/Desenvolvimento/sindriaai/take_home_project_ts/src/providers/services/utils.service.ts","statementMap":{"0":{"start":{"line":1,"column":0},"end":{"line":1,"column":44}},"1":{"start":{"line":2,"column":0},"end":{"line":2,"column":24}},"2":{"start":{"line":5,"column":7},"end":{"line":24,"column":null}},"3":{"start":{"line":7,"column":4},"end":{"line":9,"column":7}},"4":{"start":{"line":8,"column":6},"end":{"line":8,"column":42}},"5":{"start":{"line":14,"column":4},"end":{"line":14,"column":57}},"6":{"start":{"line":18,"column":4},"end":{"line":18,"column":61}},"7":{"start":{"line":22,"column":4},"end":{"line":22,"column":58}},"8":{"start":{"line":5,"column":13},"end":{"line":24,"column":null}},"9":{"start":{"line":5,"column":13},"end":{"line":5,"column":25}}},"fnMap":{"0":{"name":"(anonymous_2)","decl":{"start":{"line":6,"column":2},"end":{"line":6,"column":14}},"loc":{"start":{"line":6,"column":67},"end":{"line":10,"column":3}}},"1":{"name":"(anonymous_3)","decl":{"start":{"line":7,"column":38},"end":{"line":7,"column":39}},"loc":{"start":{"line":7,"column":71},"end":{"line":9,"column":5}}},"2":{"name":"(anonymous_4)","decl":{"start":{"line":12,"column":2},"end":{"line":12,"column":15}},"loc":{"start":{"line":12,"column":47},"end":{"line":15,"column":3}}},"3":{"name":"(anonymous_5)","decl":{"start":{"line":17,"column":2},"end":{"line":17,"column":8}},"loc":{"start":{"line":17,"column":27},"end":{"line":19,"column":3}}},"4":{"name":"(anonymous_6)","decl":{"start":{"line":21,"column":2},"end":{"line":21,"column":14}},"loc":{"start":{"line":21,"column":39},"end":{"line":23,"column":3}}}},"branchMap":{"0":{"loc":{"start":{"line":8,"column":13},"end":{"line":8,"column":41}},"type":"binary-expr","locations":[{"start":{"line":8,"column":13},"end":{"line":8,"column":32}},{"start":{"line":8,"column":36},"end":{"line":8,"column":41}}]},"1":{"loc":{"start":{"line":18,"column":11},"end":{"line":18,"column":60}},"type":"cond-expr","locations":[{"start":{"line":18,"column":16},"end":{"line":18,"column":19}},{"start":{"line":18,"column":11},"end":{"line":18,"column":60}}]},"2":{"loc":{"start":{"line":18,"column":11},"end":{"line":18,"column":19}},"type":"binary-expr","locations":[{"start":{"line":18,"column":11},"end":{"line":18,"column":19}},{"start":{"line":18,"column":11},"end":{"line":18,"column":19}}]}},"s":{"0":1,"1":1,"2":1,"3":0,"4":0,"5":0,"6":0,"7":0,"8":1,"9":1},"f":{"0":0,"1":0,"2":0,"3":0,"4":0},"b":{"0":[0,0],"1":[0,0],"2":[0,0]}}
,"/Users/matheus/Desenvolvimento/sindriaai/take_home_project_ts/src/providers/singletons/environment.singleton.ts": {"path":"/Users/matheus/Desenvolvimento/sindriaai/take_home_project_ts/src/providers/singletons/environment.singleton.ts","statementMap":{"0":{"start":{"line":1,"column":0},"end":{"line":1,"column":33}},"1":{"start":{"line":2,"column":0},"end":{"line":2,"column":52}},"2":{"start":{"line":4,"column":0},"end":{"line":4,"column":16}},"3":{"start":{"line":12,"column":4},"end":{"line":14,"column":null}},"4":{"start":{"line":13,"column":6},"end":{"line":13,"column":47}},"5":{"start":{"line":15,"column":4},"end":{"line":15,"column":32}},"6":{"start":{"line":36,"column":17},"end":{"line":36,"column":35}},"7":{"start":{"line":37,"column":21},"end":{"line":37,"column":51}},"8":{"start":{"line":39,"column":24},"end":{"line":39,"column":60}},"9":{"start":{"line":39,"column":49},"end":{"line":39,"column":59}},"10":{"start":{"line":40,"column":4},"end":{"line":42,"column":null}},"11":{"start":{"line":41,"column":6},"end":{"line":41,"column":54}},"12":{"start":{"line":6,"column":0},"end":{"line":6,"column":13}},"13":{"start":{"line":18,"column":9},"end":{"line":33,"column":4}},"14":{"start":{"line":19,"column":16},"end":{"line":19,"column":27}},"15":{"start":{"line":21,"column":4},"end":{"line":28,"column":null}},"16":{"start":{"line":22,"column":21},"end":{"line":22,"column":69}},"17":{"start":{"line":23,"column":6},"end":{"line":25,"column":9}},"18":{"start":{"line":24,"column":8},"end":{"line":24,"column":31}},"19":{"start":{"line":27,"column":6},"end":{"line":27,"column":35}},"20":{"start":{"line":30,"column":21},"end":{"line":30,"column":46}},"21":{"start":{"line":32,"column":4},"end":{"line":32,"column":66}},"22":{"start":{"line":32,"column":39},"end":{"line":32,"column":63}}},"fnMap":{"0":{"name":"(anonymous_6)","decl":{"start":{"line":9,"column":2},"end":{"line":9,"column":17}},"loc":{"start":{"line":9,"column":2},"end":{"line":9,"column":18}}},"1":{"name":"(anonymous_7)","decl":{"start":{"line":11,"column":2},"end":{"line":11,"column":8}},"loc":{"start":{"line":11,"column":20},"end":{"line":16,"column":3}}},"2":{"name":"(anonymous_8)","decl":{"start":{"line":35,"column":2},"end":{"line":35,"column":8}},"loc":{"start":{"line":35,"column":25},"end":{"line":43,"column":3}}},"3":{"name":"(anonymous_9)","decl":{"start":{"line":39,"column":40},"end":{"line":39,"column":41}},"loc":{"start":{"line":39,"column":49},"end":{"line":39,"column":59}}},"4":{"name":"(anonymous_10)","decl":{"start":{"line":18,"column":22},"end":{"line":18,"column":25}},"loc":{"start":{"line":18,"column":27},"end":{"line":33,"column":3}}},"5":{"name":"(anonymous_11)","decl":{"start":{"line":23,"column":34},"end":{"line":23,"column":35}},"loc":{"start":{"line":23,"column":42},"end":{"line":25,"column":7}}},"6":{"name":"(anonymous_12)","decl":{"start":{"line":32,"column":29},"end":{"line":32,"column":30}},"loc":{"start":{"line":32,"column":39},"end":{"line":32,"column":63}}}},"branchMap":{"0":{"loc":{"start":{"line":12,"column":4},"end":{"line":14,"column":null}},"type":"if","locations":[{"start":{"line":12,"column":4},"end":{"line":14,"column":null}}]},"1":{"loc":{"start":{"line":40,"column":4},"end":{"line":42,"column":null}},"type":"if","locations":[{"start":{"line":40,"column":4},"end":{"line":42,"column":null}}]},"2":{"loc":{"start":{"line":21,"column":4},"end":{"line":28,"column":null}},"type":"if","locations":[{"start":{"line":21,"column":4},"end":{"line":28,"column":null}}]}},"s":{"0":1,"1":1,"2":1,"3":0,"4":0,"5":0,"6":0,"7":0,"8":0,"9":0,"10":0,"11":0,"12":1,"13":1,"14":0,"15":0,"16":0,"17":0,"18":0,"19":0,"20":0,"21":0,"22":0},"f":{"0":0,"1":0,"2":0,"3":0,"4":0,"5":0,"6":0},"b":{"0":[0],"1":[0],"2":[0]}}
,"/Users/matheus/Desenvolvimento/sindriaai/take_home_project_ts/src/providers/singletons/index.ts": {"path":"/Users/matheus/Desenvolvimento/sindriaai/take_home_project_ts/src/providers/singletons/index.ts","statementMap":{"0":{"start":{"line":1,"column":0},"end":{"line":1,"column":40}}},"fnMap":{},"branchMap":{},"s":{"0":1},"f":{},"b":{}}
,"/Users/matheus/Desenvolvimento/sindriaai/take_home_project_ts/src/routines/charge-database.ts": {"path":"/Users/matheus/Desenvolvimento/sindriaai/take_home_project_ts/src/routines/charge-database.ts","statementMap":{"0":{"start":{"line":1,"column":0},"end":{"line":1,"column":67}},"1":{"start":{"line":2,"column":0},"end":{"line":2,"column":50}},"2":{"start":{"line":3,"column":0},"end":{"line":3,"column":83}},"3":{"start":{"line":4,"column":0},"end":{"line":4,"column":69}},"4":{"start":{"line":6,"column":25},"end":{"line":6,"column":45}},"5":{"start":{"line":8,"column":37},"end":{"line":38,"column":1}},"6":{"start":{"line":12,"column":36},"end":{"line":12,"column":77}},"7":{"start":{"line":14,"column":23},"end":{"line":17,"column":4}},"8":{"start":{"line":19,"column":23},"end":{"line":19,"column":41}},"9":{"start":{"line":21,"column":23},"end":{"line":24,"column":5}},"10":{"start":{"line":21,"column":58},"end":{"line":24,"column":4}},"11":{"start":{"line":26,"column":22},"end":{"line":26,"column":76}},"12":{"start":{"line":26,"column":50},"end":{"line":26,"column":75}},"13":{"start":{"line":28,"column":2},"end":{"line":37,"column":4}},"14":{"start":{"line":30,"column":21},"end":{"line":30,"column":44}},"15":{"start":{"line":31,"column":6},"end":{"line":34,"column":8}},"16":{"start":{"line":40,"column":15},"end":{"line":58,"column":1}},"17":{"start":{"line":41,"column":26},"end":{"line":45,"column":4}},"18":{"start":{"line":47,"column":33},"end":{"line":49,"column":null}},"19":{"start":{"line":52,"column":2},"end":{"line":57,"column":4}},"20":{"start":{"line":60,"column":30},"end":{"line":73,"column":1}},"21":{"start":{"line":61,"column":21},"end":{"line":61,"column":54}},"22":{"start":{"line":63,"column":29},"end":{"line":63,"column":51}},"23":{"start":{"line":65,"column":29},"end":{"line":67,"column":null}},"24":{"start":{"line":70,"column":2},"end":{"line":72,"column":null}},"25":{"start":{"line":71,"column":4},"end":{"line":71,"column":46}},"26":{"start":{"line":60,"column":13},"end":{"line":60,"column":30}},"27":{"start":{"line":75,"column":0},"end":{"line":75,"column":17}}},"fnMap":{"0":{"name":"(anonymous_6)","decl":{"start":{"line":8,"column":37},"end":{"line":8,"column":null}},"loc":{"start":{"line":11,"column":4},"end":{"line":38,"column":1}}},"1":{"name":"(anonymous_7)","decl":{"start":{"line":21,"column":40},"end":{"line":21,"column":41}},"loc":{"start":{"line":21,"column":58},"end":{"line":24,"column":4}}},"2":{"name":"(anonymous_8)","decl":{"start":{"line":26,"column":40},"end":{"line":26,"column":41}},"loc":{"start":{"line":26,"column":50},"end":{"line":26,"column":75}}},"3":{"name":"(anonymous_9)","decl":{"start":{"line":29,"column":4},"end":{"line":29,"column":5}},"loc":{"start":{"line":29,"column":64},"end":{"line":35,"column":5}}},"4":{"name":"(anonymous_10)","decl":{"start":{"line":40,"column":15},"end":{"line":40,"column":16}},"loc":{"start":{"line":40,"column":29},"end":{"line":58,"column":1}}},"5":{"name":"(anonymous_11)","decl":{"start":{"line":60,"column":30},"end":{"line":60,"column":35}},"loc":{"start":{"line":60,"column":41},"end":{"line":73,"column":1}}}},"branchMap":{"0":{"loc":{"start":{"line":16,"column":8},"end":{"line":16,"column":56}},"type":"cond-expr","locations":[{"start":{"line":16,"column":36},"end":{"line":16,"column":38}},{"start":{"line":16,"column":41},"end":{"line":16,"column":56}}]},"1":{"loc":{"start":{"line":33,"column":8},"end":{"line":33,"column":63}},"type":"cond-expr","locations":[{"start":{"line":33,"column":40},"end":{"line":33,"column":46}},{"start":{"line":33,"column":49},"end":{"line":33,"column":63}}]}},"s":{"0":0,"1":0,"2":0,"3":0,"4":0,"5":0,"6":0,"7":0,"8":0,"9":0,"10":0,"11":0,"12":0,"13":0,"14":0,"15":0,"16":0,"17":0,"18":0,"19":0,"20":0,"21":0,"22":0,"23":0,"24":0,"25":0,"26":0,"27":0},"f":{"0":0,"1":0,"2":0,"3":0,"4":0,"5":0},"b":{"0":[0,0],"1":[0,0]}}
}
