TN:
SF:src/main.ts
FN:13,(anonymous_6)
FN:17,(anonymous_7)
FN:42,(anonymous_8)
FNF:3
FNH:0
FNDA:0,(anonymous_6)
FNDA:0,(anonymous_7)
FNDA:0,(anonymous_8)
DA:1,0
DA:2,0
DA:3,0
DA:4,0
DA:5,0
DA:6,0
DA:10,0
DA:11,0
DA:13,0
DA:14,0
DA:16,0
DA:18,0
DA:19,0
DA:20,0
DA:25,0
DA:26,0
DA:32,0
DA:36,0
DA:37,0
DA:39,0
DA:42,0
DA:43,0
DA:44,0
LF:23
LH:0
BRF:0
BRH:0
end_of_record
TN:
SF:src/config/swagger.config.ts
FN:4,swaggerSetup
FNF:1
FNH:0
FNDA:0,swaggerSetup
DA:2,0
DA:4,0
DA:5,0
DA:11,0
DA:14,0
LF:5
LH:0
BRF:0
BRH:0
end_of_record
TN:
SF:src/constants/errors.constants.ts
FNF:0
FNH:0
DA:1,1
LF:1
LH:1
BRF:0
BRH:0
end_of_record
TN:
SF:src/constants/global.constants.ts
FNF:0
FNH:0
DA:1,1
DA:3,1
LF:2
LH:2
BRF:0
BRH:0
end_of_record
TN:
SF:src/constants/index.ts
FNF:0
FNH:0
DA:1,1
DA:2,1
LF:2
LH:2
BRF:0
BRH:0
end_of_record
TN:
SF:src/controllers/index.ts
FNF:0
FNH:0
DA:1,0
LF:1
LH:0
BRF:0
BRH:0
end_of_record
TN:
SF:src/controllers/questions.controller/index.ts
FNF:0
FNH:0
DA:1,0
LF:1
LH:0
BRF:0
BRH:0
end_of_record
TN:
SF:src/controllers/questions.controller/questions.controller.ts
FN:9,(anonymous_4)
FN:12,(anonymous_5)
FN:21,(anonymous_6)
FNF:3
FNH:3
FNDA:2,(anonymous_4)
FNDA:1,(anonymous_5)
FNDA:1,(anonymous_6)
DA:1,1
DA:2,1
DA:3,1
DA:4,1
DA:8,1
DA:9,2
DA:12,1
DA:13,1
DA:14,1
DA:21,1
DA:22,1
LF:11
LH:11
BRF:0
BRH:0
end_of_record
TN:
SF:src/dtos/AnswerDTO.ts
FNF:0
FNH:0
DA:1,1
DA:3,1
DA:4,1
DA:7,1
LF:4
LH:4
BRF:0
BRH:0
end_of_record
TN:
SF:src/dtos/AnswersDTO.ts
FN:8,(anonymous_2)
FNF:1
FNH:0
FNDA:0,(anonymous_2)
DA:1,1
DA:2,1
DA:3,1
DA:5,1
DA:6,1
DA:8,0
LF:6
LH:5
BRF:0
BRH:0
end_of_record
TN:
SF:src/dtos/index.ts
FNF:0
FNH:0
DA:1,1
DA:2,1
LF:2
LH:2
BRF:0
BRH:0
end_of_record
TN:
SF:src/errors/index.ts
FNF:0
FNH:0
DA:1,1
LF:1
LH:1
BRF:0
BRH:0
end_of_record
TN:
SF:src/errors/global.errors/index.ts
FNF:0
FNH:0
DA:1,1
LF:1
LH:1
BRF:0
BRH:0
end_of_record
TN:
SF:src/errors/global.errors/missing-env.error.ts
FN:5,(anonymous_0)
FNF:1
FNH:0
FNDA:0,(anonymous_0)
DA:1,1
DA:2,1
DA:4,1
DA:6,0
LF:4
LH:3
BRF:0
BRH:0
end_of_record
TN:
SF:src/interfaces/answer.interface.ts
FNF:0
FNH:0
DA:1,0
LF:1
LH:0
BRF:0
BRH:0
end_of_record
TN:
SF:src/interfaces/index.ts
FNF:0
FNH:0
DA:1,0
DA:2,0
LF:2
LH:0
BRF:0
BRH:0
end_of_record
TN:
SF:src/interfaces/question.interface.ts
FNF:0
FNH:0
DA:1,0
LF:1
LH:0
BRF:0
BRH:0
end_of_record
TN:
SF:src/modules/app.module.ts
FNF:0
FNH:0
DA:1,0
DA:2,0
DA:3,0
DA:4,0
DA:5,0
DA:7,0
DA:14,0
LF:7
LH:0
BRF:0
BRH:0
end_of_record
TN:
SF:src/modules/index.ts
FNF:0
FNH:0
DA:1,0
LF:1
LH:0
BRF:0
BRH:0
end_of_record
TN:
SF:src/providers/index.ts
FNF:0
FNH:0
DA:1,1
DA:2,1
DA:3,1
LF:3
LH:3
BRF:0
BRH:0
end_of_record
TN:
SF:src/providers/adapters/base.adapter.ts
FN:2,(anonymous_0)
FNF:1
FNH:0
FNDA:0,(anonymous_0)
DA:1,1
DA:2,0
LF:2
LH:1
BRF:0
BRH:0
end_of_record
TN:
SF:src/providers/adapters/index.ts
FNF:0
FNH:0
DA:1,1
LF:1
LH:1
BRF:0
BRH:0
end_of_record
TN:
SF:src/providers/adapters/questions.adapter.ts
FN:8,(anonymous_0)
FNF:1
FNH:0
FNDA:0,(anonymous_0)
DA:2,1
DA:4,1
DA:9,0
LF:3
LH:2
BRF:0
BRH:0
end_of_record
TN:
SF:src/providers/repositories/index.ts
FNF:0
FNH:0
DA:1,1
LF:1
LH:1
BRF:0
BRH:0
end_of_record
TN:
SF:src/providers/repositories/question.repository.ts
FN:9,(anonymous_4)
FN:14,(anonymous_5)
FN:18,(anonymous_6)
FN:33,(anonymous_7)
FN:36,(anonymous_8)
FNF:5
FNH:2
FNDA:2,(anonymous_4)
FNDA:0,(anonymous_5)
FNDA:0,(anonymous_6)
FNDA:0,(anonymous_7)
FNDA:1,(anonymous_8)
DA:1,1
DA:2,1
DA:3,1
DA:4,1
DA:8,1
DA:10,2
DA:11,2
DA:15,0
DA:19,0
DA:21,0
DA:22,0
DA:24,0
DA:25,0
DA:26,0
DA:28,0
DA:33,0
DA:37,1
DA:42,1
LF:18
LH:9
BRDA:18,0,0,0
BRF:1
BRH:0
end_of_record
TN:
SF:src/providers/services/index.ts
FNF:0
FNH:0
DA:1,1
DA:2,1
DA:3,1
LF:3
LH:3
BRF:0
BRH:0
end_of_record
TN:
SF:src/providers/services/prisma.service.ts
FN:6,(anonymous_1)
FN:10,(anonymous_2)
FNF:2
FNH:0
FNDA:0,(anonymous_1)
FNDA:0,(anonymous_2)
DA:1,1
DA:2,1
DA:5,1
DA:7,0
LF:4
LH:3
BRF:0
BRH:0
end_of_record
TN:
SF:src/providers/services/questions.service.ts
FN:7,(anonymous_4)
FN:12,(anonymous_5)
FN:16,(anonymous_6)
FN:17,(anonymous_7)
FN:21,(anonymous_8)
FN:22,(anonymous_9)
FN:32,(anonymous_10)
FNF:7
FNH:7
FNDA:2,(anonymous_4)
FNDA:1,(anonymous_5)
FNDA:1,(anonymous_6)
FNDA:3,(anonymous_7)
FNDA:3,(anonymous_8)
FNDA:6,(anonymous_9)
FNDA:3,(anonymous_10)
DA:1,1
DA:2,1
DA:6,1
DA:9,2
DA:13,1
DA:17,3
DA:19,1
DA:21,1
DA:22,6
DA:24,3
DA:32,3
DA:34,1
DA:36,1
DA:48,1
LF:14
LH:14
BRDA:39,0,0,1
BRDA:39,0,1,0
BRDA:39,0,2,1
BRDA:39,0,3,0
BRDA:39,0,4,1
BRDA:39,0,5,0
BRDA:39,0,6,1
BRDA:39,0,7,0
BRDA:39,0,8,1
BRDA:39,0,9,0
BRDA:39,0,10,1
BRDA:39,0,11,1
BRDA:39,0,12,0
BRDA:39,0,13,0
BRF:14
BRH:7
end_of_record
TN:
SF:src/providers/services/utils.service.ts
FN:6,(anonymous_2)
FN:7,(anonymous_3)
FN:12,(anonymous_4)
FN:17,(anonymous_5)
FN:21,(anonymous_6)
FNF:5
FNH:0
FNDA:0,(anonymous_2)
FNDA:0,(anonymous_3)
FNDA:0,(anonymous_4)
FNDA:0,(anonymous_5)
FNDA:0,(anonymous_6)
DA:1,1
DA:2,1
DA:5,1
DA:7,0
DA:8,0
DA:14,0
DA:18,0
DA:22,0
LF:8
LH:3
BRDA:8,0,0,0
BRDA:8,0,1,0
BRDA:18,1,0,0
BRDA:18,1,1,0
BRDA:18,2,0,0
BRDA:18,2,1,0
BRF:6
BRH:0
end_of_record
TN:
SF:src/providers/singletons/environment.singleton.ts
FN:9,(anonymous_6)
FN:11,(anonymous_7)
FN:35,(anonymous_8)
FN:39,(anonymous_9)
FN:18,(anonymous_10)
FN:23,(anonymous_11)
FN:32,(anonymous_12)
FNF:7
FNH:0
FNDA:0,(anonymous_6)
FNDA:0,(anonymous_7)
FNDA:0,(anonymous_8)
FNDA:0,(anonymous_9)
FNDA:0,(anonymous_10)
FNDA:0,(anonymous_11)
FNDA:0,(anonymous_12)
DA:1,1
DA:2,1
DA:4,1
DA:6,1
DA:12,0
DA:13,0
DA:15,0
DA:18,1
DA:19,0
DA:21,0
DA:22,0
DA:23,0
DA:24,0
DA:27,0
DA:30,0
DA:32,0
DA:36,0
DA:37,0
DA:39,0
DA:40,0
DA:41,0
LF:21
LH:5
BRDA:12,0,0,0
BRDA:40,1,0,0
BRDA:21,2,0,0
BRF:3
BRH:0
end_of_record
TN:
SF:src/providers/singletons/index.ts
FNF:0
FNH:0
DA:1,1
LF:1
LH:1
BRF:0
BRH:0
end_of_record
TN:
SF:src/routines/charge-database.ts
FN:8,(anonymous_6)
FN:21,(anonymous_7)
FN:26,(anonymous_8)
FN:29,(anonymous_9)
FN:40,(anonymous_10)
FN:60,(anonymous_11)
FNF:6
FNH:0
FNDA:0,(anonymous_6)
FNDA:0,(anonymous_7)
FNDA:0,(anonymous_8)
FNDA:0,(anonymous_9)
FNDA:0,(anonymous_10)
FNDA:0,(anonymous_11)
DA:1,0
DA:2,0
DA:3,0
DA:4,0
DA:6,0
DA:8,0
DA:12,0
DA:14,0
DA:19,0
DA:21,0
DA:26,0
DA:28,0
DA:30,0
DA:31,0
DA:40,0
DA:41,0
DA:47,0
DA:52,0
DA:60,0
DA:61,0
DA:63,0
DA:65,0
DA:70,0
DA:71,0
DA:75,0
LF:25
LH:0
BRDA:16,0,0,0
BRDA:16,0,1,0
BRDA:33,1,0,0
BRDA:33,1,1,0
BRF:4
BRH:0
end_of_record
